This is pdfTeX, Version 3.141592653-2.6-1.40.28 (MiKTeX 25.12) (preloaded format=pdflatex 2026.4.22)  8 MAY 2026 14:01
entering extended mode
 restricted \write18 enabled.
 file:line:error style messages enabled.
 %&-line parsing enabled.
**"d:/School Files/CMSC/CMSC 191 NS/Cross Third/pitch2-arm-gene-network-main/arg-network-paper.tex"
(d:/School Files/CMSC/CMSC 191 NS/Cross Third/pitch2-arm-gene-network-main/arg-network-paper.tex
LaTeX2e <2025-11-01>
L3 programming layer <2025-12-24>
(sn-jnl.cls
Document Class: sn-jnl 2019/11/18 v0.1: An authoring template for Springer Journal articles
(C:\Users\Bruce\AppData\Local\Programs\MiKTeX\tex/latex/base\article.cls
Document Class: article 2025/01/22 v1.4n Standard LaTeX document class
(C:\Users\Bruce\AppData\Local\Programs\MiKTeX\tex/latex/base\fleqn.clo
File: fleqn.clo 2016/12/29 v1.2b Standard LaTeX option (flush left equations)
\mathindent=\skip49
Applying: [2015/01/01] Make \[ robust on input line 50.
LaTeX Info: Redefining \[ on input line 51.
Already applied: [0000/00/00] Make \[ robust on input line 62.
Applying: [2015/01/01] Make \] robust on input line 74.
LaTeX Info: Redefining \] on input line 75.
Already applied: [0000/00/00] Make \] robust on input line 83.
) (C:\Users\Bruce\AppData\Local\Programs\MiKTeX\tex/latex/base\size10.clo
File: size10.clo 2025/01/22 v1.4n Standard LaTeX file (size option)
)
\c@part=\count275
\c@section=\count276
\c@subsection=\count277
\c@subsubsection=\count278
\c@paragraph=\count279
\c@subparagraph=\count280
\c@figure=\count281
\c@table=\count282
\abovecaptionskip=\skip50
\belowcaptionskip=\skip51
\bibindent=\dimen148
)
LaTeX Info: Redefining \rm on input line 146.
LaTeX Info: Redefining \sf on input line 147.
LaTeX Info: Redefining \tt on input line 148.
LaTeX Info: Redefining \bf on input line 149.
LaTeX Info: Redefining \it on input line 150.
LaTeX Info: Redefining \sl on input line 151.
LaTeX Info: Redefining \sc on input line 152.
LaTeX Info: Redefining \cal on input line 153.
LaTeX Info: Redefining \mit on input line 154.
LaTeX Info: Redefining \textsubscript on input line 212.
\columnhsize=\skip52
 (C:\Users\Bruce\AppData\Local\Programs\MiKTeX\tex/latex/geometry\geometry.sty
Package: geometry 2026/03/07 v6.0 Page Geometry
 (C:\Users\Bruce\AppData\Local\Programs\MiKTeX\tex/latex/graphics\keyval.sty
Package: keyval 2022/05/29 v1.15 key=value parser (DPC)
\KV@toks@=\toks17
) (C:\Users\Bruce\AppData\Local\Programs\MiKTeX\tex/generic/iftex\ifvtex.sty
Package: ifvtex 2019/10/25 v1.7 ifvtex legacy package. Use iftex instead.
 (C:\Users\Bruce\AppData\Local\Programs\MiKTeX\tex/generic/iftex\iftex.sty
Package: iftex 2024/12/12 v1.0g TeX engine tests
))
\Gm@cnth=\count283
\Gm@cntv=\count284
\c@Gm@tempcnt=\count285
\Gm@bindingoffset=\dimen149
\Gm@wd@mp=\dimen150
\Gm@odd@mp=\dimen151
\Gm@even@mp=\dimen152
\Gm@layoutwidth=\dimen153
\Gm@layoutheight=\dimen154
\Gm@layouthoffset=\dimen155
\Gm@layoutvoffset=\dimen156
\Gm@dimlist=\toks18
 (C:\Users\Bruce\AppData\Local\Programs\MiKTeX\tex/latex/geometry\geometry.cfg))
\artcatbox=\box53
\aucount=\count286
\corraucount=\count287
\punctcount=\count288
\emailcnt=\count289
\c@affn=\count290
\addcount=\count291
\PacsCount=\count292
\PacsTmpCnt=\count293
\FMremarkdim=\dimen157
\fmremarkbox=\box54
 (C:\Users\Bruce\AppData\Local\Programs\MiKTeX\tex/latex/sttools\cuted.sty
Package: cuted 2025/12/15 v2.10 Mixing onecolumn and twocolumn modes (ST)
\At@ViperColsBreak=\toks19
\preCutedStrip=\toks20
\postCutedStrip=\toks21
\cuted@@tempbox@a=\box55
\cuted@@tempbox@c=\box56
\cuted@@tempbox@var=\box57
\hold@viper=\box58
\@viper=\box59
\cuted@@varbox@a=\box60
\cuted@@varbox@c=\box61
\cuted@@tempdim@spread=\dimen158
\cuted@@tempdim@a=\dimen159
\cuted@@tempdim@b=\dimen160
\ht@hold@viper=\dimen161
\ht@viper=\dimen162
\var@@pagediscards@ht=\dimen163
\stripsep=\skip53
\viper@penalty=\count294
\strip@page@discards=\dimen164
)
\firstpagehtcheck=\dimen165
\labelwidthi=\dimen166
\labelwidthii=\dimen167
\labelwidthiii=\dimen168
\labelwidthiv=\dimen169
\figwidth=\dimen170
\figheight=\dimen171
\sidecapwidth=\dimen172
\wrapcapline=\dimen173
\totalwrapline=\dimen174
\wraptotline=\dimen175
\figurebox=\box62
\wrapfigcapbox=\box63
\figcapbox=\box64
\capbox=\box65
\headwidthskip=\skip54
\tabcapbox=\box66
\temptbox=\box67
\tempdime=\dimen176
\tabhtdime=\dimen177
 (C:\Users\Bruce\AppData\Local\Programs\MiKTeX\tex/latex/graphics\rotating.sty
Package: rotating 2025/01/14 v2.16e rotated objects in LaTeX
 (C:\Users\Bruce\AppData\Local\Programs\MiKTeX\tex/latex/graphics\graphicx.sty
Package: graphicx 2024/12/31 v1.2e Enhanced LaTeX Graphics (DPC,SPQR)
 (C:\Users\Bruce\AppData\Local\Programs\MiKTeX\tex/latex/graphics\graphics.sty
Package: graphics 2024/08/06 v1.4g Standard LaTeX Graphics (DPC,SPQR)
 (C:\Users\Bruce\AppData\Local\Programs\MiKTeX\tex/latex/graphics\trig.sty
Package: trig 2023/12/02 v1.11 sin cos tan (DPC)
) (C:\Users\Bruce\AppData\Local\Programs\MiKTeX\tex/latex/graphics-cfg\graphics.cfg
File: graphics.cfg 2016/06/04 v1.11 sample graphics configuration
)
Package graphics Info: Driver file: pdftex.def on input line 106.
 (C:\Users\Bruce\AppData\Local\Programs\MiKTeX\tex/latex/graphics-def\pdftex.def
File: pdftex.def 2025/09/29 v1.2d Graphics/color driver for pdftex
))
\Gin@req@height=\dimen178
\Gin@req@width=\dimen179
) (C:\Users\Bruce\AppData\Local\Programs\MiKTeX\tex/latex/base\ifthen.sty
Package: ifthen 2024/03/16 v1.1e Standard LaTeX ifthen package (DPC)
)
\c@r@tfl@t=\count295
\rotFPtop=\skip55
\rotFPbot=\skip56
\rot@float@box=\box68
\rot@mess@toks=\toks22
) (C:\Users\Bruce\AppData\Local\Programs\MiKTeX\tex/latex/threeparttable\threeparttable.sty
Package: threeparttable 2003/06/13  v 3.0
\@tempboxb=\box69
)

! LaTeX Error: File `appendix.sty' not found.

Type X to quit or <RETURN> to proceed,
or enter new name. (Default extension: sty)

Enter file name: 
sn-jnl.cls:1369: Emergency stop.
<read *> 
         
l.1369 ^^M
          
*** (cannot \read from terminal in nonstop modes)

 
Here is how much of TeX's memory you used:
 1923 strings out of 467871
 28796 string characters out of 5418376
 434238 words of memory out of 5000000
 30828 multiletter control sequences out of 15000+600000
 627721 words of font info for 40 fonts, out of 8000000 for 9000
 1151 hyphenation exceptions out of 8191
 87i,0n,93p,322b,45s stack positions out of 10000i,1000n,20000p,200000b,200000s
sn-jnl.cls:1369:  ==> Fatal error occurred, no output PDF file produced!
